2020/04/09 13:06:11 [warning] [application] Failed to set unsafe attribute "dimension" of "SpecDoc".
in C:\xampp\htdocs\honeycomb\protected\controllers\SpecDocController.php (401)
in C:\xampp\htdocs\honeycomb\index.php (13)
2020/04/09 13:06:11 [warning] [application] Failed to set unsafe attribute "unit" of "SpecDoc".
in C:\xampp\htdocs\honeycomb\protected\controllers\SpecDocController.php (401)
in C:\xampp\htdocs\honeycomb\index.php (13)
2020/04/09 13:06:11 [error] [application] Exception when saving data: คุณสมบัติ "SpecDocCompare.material_id" ยังไม่ถูกกำหนด
in C:\xampp\htdocs\honeycomb\protected\controllers\SpecDocController.php (586)
in C:\xampp\htdocs\honeycomb\index.php (13)
2020/04/09 13:09:26 [warning] [application] Failed to set unsafe attribute "dimension" of "SpecDoc".
in C:\xampp\htdocs\honeycomb\protected\controllers\SpecDocController.php (401)
in C:\xampp\htdocs\honeycomb\index.php (13)
2020/04/09 13:09:26 [warning] [application] Failed to set unsafe attribute "unit" of "SpecDoc".
in C:\xampp\htdocs\honeycomb\protected\controllers\SpecDocController.php (401)
in C:\xampp\htdocs\honeycomb\index.php (13)
2020/04/09 13:10:05 [warning] [application] Failed to set unsafe attribute "dimension" of "SpecDoc".
in C:\xampp\htdocs\honeycomb\protected\controllers\SpecDocController.php (401)
in C:\xampp\htdocs\honeycomb\index.php (13)
2020/04/09 13:10:05 [warning] [application] Failed to set unsafe attribute "unit" of "SpecDoc".
in C:\xampp\htdocs\honeycomb\protected\controllers\SpecDocController.php (401)
in C:\xampp\htdocs\honeycomb\index.php (13)
2020/04/09 13:10:34 [warning] [application] Failed to set unsafe attribute "dimension" of "SpecDoc".
in C:\xampp\htdocs\honeycomb\protected\controllers\SpecDocController.php (401)
in C:\xampp\htdocs\honeycomb\index.php (13)
2020/04/09 13:10:34 [warning] [application] Failed to set unsafe attribute "unit" of "SpecDoc".
in C:\xampp\htdocs\honeycomb\protected\controllers\SpecDocController.php (401)
in C:\xampp\htdocs\honeycomb\index.php (13)
2020/04/09 15:18:59 [warning] [application] Failed to set unsafe attribute "dimension" of "SpecDoc".
in C:\xampp\htdocs\honeycomb\protected\controllers\SpecDocController.php (401)
in C:\xampp\htdocs\honeycomb\index.php (13)
2020/04/09 15:18:59 [warning] [application] Failed to set unsafe attribute "unit" of "SpecDoc".
in C:\xampp\htdocs\honeycomb\protected\controllers\SpecDocController.php (401)
in C:\xampp\htdocs\honeycomb\index.php (13)
2020/04/09 15:21:08 [warning] [application] Failed to set unsafe attribute "dimension" of "SpecDoc".
in C:\xampp\htdocs\honeycomb\protected\controllers\SpecDocController.php (401)
in C:\xampp\htdocs\honeycomb\index.php (13)
2020/04/09 15:21:08 [warning] [application] Failed to set unsafe attribute "unit" of "SpecDoc".
in C:\xampp\htdocs\honeycomb\protected\controllers\SpecDocController.php (401)
in C:\xampp\htdocs\honeycomb\index.php (13)
2020/04/10 00:17:08 [warning] [application] Failed to set unsafe attribute "dimension" of "SpecDoc".
in C:\xampp\htdocs\honeycomb\protected\controllers\SpecDocController.php (401)
in C:\xampp\htdocs\honeycomb\index.php (13)
2020/04/10 00:17:08 [warning] [application] Failed to set unsafe attribute "unit" of "SpecDoc".
in C:\xampp\htdocs\honeycomb\protected\controllers\SpecDocController.php (401)
in C:\xampp\htdocs\honeycomb\index.php (13)
2020/04/10 17:36:32 [warning] [application] Failed to set unsafe attribute "dimension" of "SpecDoc".
in C:\xampp\htdocs\honeycomb\protected\controllers\SpecDocController.php (401)
in C:\xampp\htdocs\honeycomb\index.php (13)
2020/04/10 17:36:32 [warning] [application] Failed to set unsafe attribute "unit" of "SpecDoc".
in C:\xampp\htdocs\honeycomb\protected\controllers\SpecDocController.php (401)
in C:\xampp\htdocs\honeycomb\index.php (13)
2020/04/10 17:42:55 [warning] [application] Failed to set unsafe attribute "dimension" of "SpecDoc".
in C:\xampp\htdocs\honeycomb\protected\controllers\SpecDocController.php (401)
in C:\xampp\htdocs\honeycomb\index.php (13)
2020/04/10 17:42:55 [warning] [application] Failed to set unsafe attribute "unit" of "SpecDoc".
in C:\xampp\htdocs\honeycomb\protected\controllers\SpecDocController.php (401)
in C:\xampp\htdocs\honeycomb\index.php (13)
2020/04/10 17:45:55 [warning] [application] Failed to set unsafe attribute "dimension" of "SpecDoc".
in C:\xampp\htdocs\honeycomb\protected\controllers\SpecDocController.php (401)
in C:\xampp\htdocs\honeycomb\index.php (13)
2020/04/10 17:45:55 [warning] [application] Failed to set unsafe attribute "unit" of "SpecDoc".
in C:\xampp\htdocs\honeycomb\protected\controllers\SpecDocController.php (401)
in C:\xampp\htdocs\honeycomb\index.php (13)
2020/04/10 17:45:55 [error] [php] Undefined offset: 2 (C:\xampp\htdocs\honeycomb\protected\controllers\SpecDocController.php:445)
Stack trace:
#0 C:\xampp\htdocs\honeycomb\framework\web\actions\CInlineAction.php(47): CInlineAction->runWithParamsInternal()
#1 C:\xampp\htdocs\honeycomb\framework\web\CController.php(308): CInlineAction->runWithParams()
#2 C:\xampp\htdocs\honeycomb\framework\web\filters\CFilterChain.php(133): SpecDocController->runAction()
#3 C:\xampp\htdocs\honeycomb\framework\web\filters\CFilter.php(40): CFilterChain->run()
#4 C:\xampp\htdocs\honeycomb\framework\web\CController.php(1145): CAccessControlFilter->filter()
#5 C:\xampp\htdocs\honeycomb\framework\web\filters\CInlineFilter.php(58): SpecDocController->filterAccessControl()
#6 C:\xampp\htdocs\honeycomb\framework\web\filters\CFilterChain.php(130): CInlineFilter->filter()
#7 C:\xampp\htdocs\honeycomb\framework\web\CController.php(291): CFilterChain->run()
#8 C:\xampp\htdocs\honeycomb\framework\web\CController.php(265): SpecDocController->runActionWithFilters()
#9 C:\xampp\htdocs\honeycomb\framework\web\CWebApplication.php(282): SpecDocController->run()
#10 C:\xampp\htdocs\honeycomb\framework\web\CWebApplication.php(141): CWebApplication->runController()
#11 C:\xampp\htdocs\honeycomb\framework\base\CApplication.php(180): CWebApplication->processRequest()
#12 C:\xampp\htdocs\honeycomb\index.php(13): CWebApplication->run()
REQUEST_URI=/honeycomb/SpecDoc/updateCompare/30
in C:\xampp\htdocs\honeycomb\protected\controllers\SpecDocController.php (445)
in C:\xampp\htdocs\honeycomb\index.php (13)
2020/04/10 17:47:40 [warning] [application] Failed to set unsafe attribute "dimension" of "SpecDoc".
in C:\xampp\htdocs\honeycomb\protected\controllers\SpecDocController.php (401)
in C:\xampp\htdocs\honeycomb\index.php (13)
2020/04/10 17:47:40 [warning] [application] Failed to set unsafe attribute "unit" of "SpecDoc".
in C:\xampp\htdocs\honeycomb\protected\controllers\SpecDocController.php (401)
in C:\xampp\htdocs\honeycomb\index.php (13)
2020/04/10 17:48:59 [warning] [application] Failed to set unsafe attribute "dimension" of "SpecDoc".
in C:\xampp\htdocs\honeycomb\protected\controllers\SpecDocController.php (401)
in C:\xampp\htdocs\honeycomb\index.php (13)
2020/04/10 17:48:59 [warning] [application] Failed to set unsafe attribute "unit" of "SpecDoc".
in C:\xampp\htdocs\honeycomb\protected\controllers\SpecDocController.php (401)
in C:\xampp\htdocs\honeycomb\index.php (13)
2020/04/10 17:49:48 [warning] [application] Failed to set unsafe attribute "dimension" of "SpecDoc".
in C:\xampp\htdocs\honeycomb\protected\controllers\SpecDocController.php (401)
in C:\xampp\htdocs\honeycomb\index.php (13)
2020/04/10 17:49:48 [warning] [application] Failed to set unsafe attribute "unit" of "SpecDoc".
in C:\xampp\htdocs\honeycomb\protected\controllers\SpecDocController.php (401)
in C:\xampp\htdocs\honeycomb\index.php (13)
2020/04/10 17:50:42 [warning] [application] Failed to set unsafe attribute "dimension" of "SpecDoc".
in C:\xampp\htdocs\honeycomb\protected\controllers\SpecDocController.php (401)
in C:\xampp\htdocs\honeycomb\index.php (13)
2020/04/10 17:50:42 [warning] [application] Failed to set unsafe attribute "unit" of "SpecDoc".
in C:\xampp\htdocs\honeycomb\protected\controllers\SpecDocController.php (401)
in C:\xampp\htdocs\honeycomb\index.php (13)
2020/04/10 17:52:52 [warning] [application] Failed to set unsafe attribute "dimension" of "SpecDoc".
in C:\xampp\htdocs\honeycomb\protected\controllers\SpecDocController.php (401)
in C:\xampp\htdocs\honeycomb\index.php (13)
2020/04/10 17:52:52 [warning] [application] Failed to set unsafe attribute "unit" of "SpecDoc".
in C:\xampp\htdocs\honeycomb\protected\controllers\SpecDocController.php (401)
in C:\xampp\htdocs\honeycomb\index.php (13)
2020/04/10 17:54:14 [warning] [application] Failed to set unsafe attribute "dimension" of "SpecDoc".
in C:\xampp\htdocs\honeycomb\protected\controllers\SpecDocController.php (401)
in C:\xampp\htdocs\honeycomb\index.php (13)
2020/04/10 17:54:14 [warning] [application] Failed to set unsafe attribute "unit" of "SpecDoc".
in C:\xampp\htdocs\honeycomb\protected\controllers\SpecDocController.php (401)
in C:\xampp\htdocs\honeycomb\index.php (13)
2020/04/10 17:55:18 [warning] [application] Failed to set unsafe attribute "dimension" of "SpecDoc".
in C:\xampp\htdocs\honeycomb\protected\controllers\SpecDocController.php (401)
in C:\xampp\htdocs\honeycomb\index.php (13)
2020/04/10 17:55:18 [warning] [application] Failed to set unsafe attribute "unit" of "SpecDoc".
in C:\xampp\htdocs\honeycomb\protected\controllers\SpecDocController.php (401)
in C:\xampp\htdocs\honeycomb\index.php (13)
2020/04/10 17:56:44 [warning] [application] Failed to set unsafe attribute "dimension" of "SpecDoc".
in C:\xampp\htdocs\honeycomb\protected\controllers\SpecDocController.php (401)
in C:\xampp\htdocs\honeycomb\index.php (13)
2020/04/10 17:56:44 [warning] [application] Failed to set unsafe attribute "unit" of "SpecDoc".
in C:\xampp\htdocs\honeycomb\protected\controllers\SpecDocController.php (401)
in C:\xampp\htdocs\honeycomb\index.php (13)
2020/04/11 00:06:21 [warning] [application] Failed to set unsafe attribute "dimension" of "SpecDoc".
in C:\xampp\htdocs\honeycomb\protected\controllers\SpecDocController.php (401)
in C:\xampp\htdocs\honeycomb\index.php (13)
2020/04/11 00:06:21 [warning] [application] Failed to set unsafe attribute "unit" of "SpecDoc".
in C:\xampp\htdocs\honeycomb\protected\controllers\SpecDocController.php (401)
in C:\xampp\htdocs\honeycomb\index.php (13)
2020/04/11 00:43:58 [error] [exception.CException] exception 'CException' with message 'คุณสมบัติ "SpecDoc.getWriteDetail" ยังไม่ถูกกำหนด' in C:\xampp\htdocs\honeycomb\framework\base\CComponent.php:130
Stack trace:
#0 C:\xampp\htdocs\honeycomb\framework\db\ar\CActiveRecord.php(145): CComponent->__get('getWriteDetail')
#1 C:\xampp\htdocs\honeycomb\framework\base\CComponent.php(612) : eval()'d code(1): CActiveRecord->__get('getWriteDetail')
#2 C:\xampp\htdocs\honeycomb\framework\base\CComponent.php(612): eval()
#3 C:\xampp\htdocs\honeycomb\framework\zii\widgets\grid\CDataColumn.php(137): CComponent->evaluateExpression('$data->getWrite...', Array)
#4 C:\xampp\htdocs\honeycomb\framework\zii\widgets\grid\CGridColumn.php(151): CDataColumn->renderDataCellContent(0, Object(SpecDoc))
#5 C:\xampp\htdocs\honeycomb\framework\zii\widgets\grid\CGridView.php(616): CGridColumn->renderDataCell(0)
#6 C:\xampp\htdocs\honeycomb\framework\zii\widgets\grid\CGridView.php(572): CGridView->renderTableRow(0)
#7 C:\xampp\htdocs\honeycomb\framework\zii\widgets\grid\CGridView.php(482): CGridView->renderTableBody()
#8 C:\xampp\htdocs\honeycomb\framework\zii\widgets\CBaseListView.php(167): CGridView->renderItems()
#9 [internal function]: CBaseListView->renderSection(Array)
#10 C:\xampp\htdocs\honeycomb\framework\zii\widgets\CBaseListView.php(150): preg_replace_callback('/{(\\w+)}/', Array, '{items}<div cla...')
#11 C:\xampp\htdocs\honeycomb\framework\zii\widgets\CBaseListView.php(135): CBaseListView->renderContent()
#12 C:\xampp\htdocs\honeycomb\framework\web\CBaseController.php(173): CBaseListView->run()
#13 C:\xampp\htdocs\honeycomb\protected\views\specDoc\write.php(228): CBaseController->widget('bootstrap.widge...', Array)
#14 C:\xampp\htdocs\honeycomb\framework\web\CBaseController.php(126): require('C:\\xampp\\htdocs...')
#15 C:\xampp\htdocs\honeycomb\framework\web\CBaseController.php(95): CBaseController->renderInternal('C:\\xampp\\htdocs...', Array, true)
#16 C:\xampp\htdocs\honeycomb\framework\web\CController.php(869): CBaseController->renderFile('C:\\xampp\\htdocs...', Array, true)
#17 C:\xampp\htdocs\honeycomb\framework\web\CController.php(782): CController->renderPartial('write', Array, true)
#18 C:\xampp\htdocs\honeycomb\protected\controllers\SpecDocController.php(849): CController->render('write', Array)
#19 C:\xampp\htdocs\honeycomb\framework\web\actions\CInlineAction.php(49): SpecDocController->actionWrite()
#20 C:\xampp\htdocs\honeycomb\framework\web\CController.php(308): CInlineAction->runWithParams(Array)
#21 C:\xampp\htdocs\honeycomb\framework\web\filters\CFilterChain.php(133): CController->runAction(Object(CInlineAction))
#22 C:\xampp\htdocs\honeycomb\framework\web\filters\CFilter.php(40): CFilterChain->run()
#23 C:\xampp\htdocs\honeycomb\framework\web\CController.php(1145): CFilter->filter(Object(CFilterChain))
#24 C:\xampp\htdocs\honeycomb\framework\web\filters\CInlineFilter.php(58): CController->filterAccessControl(Object(CFilterChain))
#25 C:\xampp\htdocs\honeycomb\framework\web\filters\CFilterChain.php(130): CInlineFilter->filter(Object(CFilterChain))
#26 C:\xampp\htdocs\honeycomb\framework\web\CController.php(291): CFilterChain->run()
#27 C:\xampp\htdocs\honeycomb\framework\web\CController.php(265): CController->runActionWithFilters(Object(CInlineAction), Array)
#28 C:\xampp\htdocs\honeycomb\framework\web\CWebApplication.php(282): CController->run('write')
#29 C:\xampp\htdocs\honeycomb\framework\web\CWebApplication.php(141): CWebApplication->runController('SpecDoc/write')
#30 C:\xampp\htdocs\honeycomb\framework\base\CApplication.php(180): CWebApplication->processRequest()
#31 C:\xampp\htdocs\honeycomb\index.php(13): CApplication->run()
#32 {main}
REQUEST_URI=/honeycomb/SpecDoc/write
HTTP_REFERER=http://localhost/honeycomb/SpecDoc/updateCompare/30
---
2020/04/11 00:49:06 [warning] [application] Failed to set unsafe attribute "dimension" of "SpecDoc".
in C:\xampp\htdocs\honeycomb\protected\controllers\SpecDocController.php (401)
in C:\xampp\htdocs\honeycomb\index.php (13)
2020/04/11 00:49:06 [warning] [application] Failed to set unsafe attribute "unit" of "SpecDoc".
in C:\xampp\htdocs\honeycomb\protected\controllers\SpecDocController.php (401)
in C:\xampp\htdocs\honeycomb\index.php (13)
2020/04/11 00:50:23 [warning] [application] Failed to set unsafe attribute "dimension" of "SpecDoc".
in C:\xampp\htdocs\honeycomb\protected\controllers\SpecDocController.php (401)
in C:\xampp\htdocs\honeycomb\index.php (13)
2020/04/11 00:50:23 [warning] [application] Failed to set unsafe attribute "unit" of "SpecDoc".
in C:\xampp\htdocs\honeycomb\protected\controllers\SpecDocController.php (401)
in C:\xampp\htdocs\honeycomb\index.php (13)
2020/04/11 00:56:36 [warning] [application] Failed to set unsafe attribute "dimension" of "SpecDoc".
in C:\xampp\htdocs\honeycomb\protected\controllers\SpecDocController.php (401)
in C:\xampp\htdocs\honeycomb\index.php (13)
2020/04/11 00:56:36 [warning] [application] Failed to set unsafe attribute "unit" of "SpecDoc".
in C:\xampp\htdocs\honeycomb\protected\controllers\SpecDocController.php (401)
in C:\xampp\htdocs\honeycomb\index.php (13)
2020/04/11 00:56:36 [error] [php] Undefined variable: score (C:\xampp\htdocs\honeycomb\protected\controllers\SpecDocController.php:442)
Stack trace:
#0 C:\xampp\htdocs\honeycomb\framework\web\actions\CInlineAction.php(47): CInlineAction->runWithParamsInternal()
#1 C:\xampp\htdocs\honeycomb\framework\web\CController.php(308): CInlineAction->runWithParams()
#2 C:\xampp\htdocs\honeycomb\framework\web\filters\CFilterChain.php(133): SpecDocController->runAction()
#3 C:\xampp\htdocs\honeycomb\framework\web\filters\CFilter.php(40): CFilterChain->run()
#4 C:\xampp\htdocs\honeycomb\framework\web\CController.php(1145): CAccessControlFilter->filter()
#5 C:\xampp\htdocs\honeycomb\framework\web\filters\CInlineFilter.php(58): SpecDocController->filterAccessControl()
#6 C:\xampp\htdocs\honeycomb\framework\web\filters\CFilterChain.php(130): CInlineFilter->filter()
#7 C:\xampp\htdocs\honeycomb\framework\web\CController.php(291): CFilterChain->run()
#8 C:\xampp\htdocs\honeycomb\framework\web\CController.php(265): SpecDocController->runActionWithFilters()
#9 C:\xampp\htdocs\honeycomb\framework\web\CWebApplication.php(282): SpecDocController->run()
#10 C:\xampp\htdocs\honeycomb\framework\web\CWebApplication.php(141): CWebApplication->runController()
#11 C:\xampp\htdocs\honeycomb\framework\base\CApplication.php(180): CWebApplication->processRequest()
#12 C:\xampp\htdocs\honeycomb\index.php(13): CWebApplication->run()
REQUEST_URI=/honeycomb/SpecDoc/updateCompare/30
in C:\xampp\htdocs\honeycomb\protected\controllers\SpecDocController.php (442)
in C:\xampp\htdocs\honeycomb\index.php (13)
2020/04/11 00:57:00 [warning] [application] Failed to set unsafe attribute "dimension" of "SpecDoc".
in C:\xampp\htdocs\honeycomb\protected\controllers\SpecDocController.php (401)
in C:\xampp\htdocs\honeycomb\index.php (13)
2020/04/11 00:57:00 [warning] [application] Failed to set unsafe attribute "unit" of "SpecDoc".
in C:\xampp\htdocs\honeycomb\protected\controllers\SpecDocController.php (401)
in C:\xampp\htdocs\honeycomb\index.php (13)
2020/04/11 00:58:00 [warning] [application] Failed to set unsafe attribute "dimension" of "SpecDoc".
in C:\xampp\htdocs\honeycomb\protected\controllers\SpecDocController.php (401)
in C:\xampp\htdocs\honeycomb\index.php (13)
2020/04/11 00:58:00 [warning] [application] Failed to set unsafe attribute "unit" of "SpecDoc".
in C:\xampp\htdocs\honeycomb\protected\controllers\SpecDocController.php (401)
in C:\xampp\htdocs\honeycomb\index.php (13)
2020/04/11 01:00:27 [warning] [application] Failed to set unsafe attribute "dimension" of "SpecDoc".
in C:\xampp\htdocs\honeycomb\protected\controllers\SpecDocController.php (401)
in C:\xampp\htdocs\honeycomb\index.php (13)
2020/04/11 01:00:27 [warning] [application] Failed to set unsafe attribute "unit" of "SpecDoc".
in C:\xampp\htdocs\honeycomb\protected\controllers\SpecDocController.php (401)
in C:\xampp\htdocs\honeycomb\index.php (13)
2020/04/11 01:00:55 [warning] [application] Failed to set unsafe attribute "dimension" of "SpecDoc".
in C:\xampp\htdocs\honeycomb\protected\controllers\SpecDocController.php (401)
in C:\xampp\htdocs\honeycomb\index.php (13)
2020/04/11 01:00:55 [warning] [application] Failed to set unsafe attribute "unit" of "SpecDoc".
in C:\xampp\htdocs\honeycomb\protected\controllers\SpecDocController.php (401)
in C:\xampp\htdocs\honeycomb\index.php (13)
2020/04/13 16:23:08 [warning] [application] Failed to set unsafe attribute "dimension" of "SpecDoc".
in C:\xampp\htdocs\honeycomb\protected\controllers\SpecDocController.php (205)
in C:\xampp\htdocs\honeycomb\index.php (13)
2020/04/13 16:23:08 [warning] [application] Failed to set unsafe attribute "unit" of "SpecDoc".
in C:\xampp\htdocs\honeycomb\protected\controllers\SpecDocController.php (205)
in C:\xampp\htdocs\honeycomb\index.php (13)
2020/04/13 16:26:06 [warning] [application] Failed to set unsafe attribute "dimension" of "SpecDoc".
in C:\xampp\htdocs\honeycomb\protected\controllers\SpecDocController.php (205)
in C:\xampp\htdocs\honeycomb\index.php (13)
2020/04/13 16:26:06 [warning] [application] Failed to set unsafe attribute "unit" of "SpecDoc".
in C:\xampp\htdocs\honeycomb\protected\controllers\SpecDocController.php (205)
in C:\xampp\htdocs\honeycomb\index.php (13)
2020/04/13 16:26:40 [warning] [application] Failed to set unsafe attribute "dimension" of "SpecDoc".
in C:\xampp\htdocs\honeycomb\protected\controllers\SpecDocController.php (205)
in C:\xampp\htdocs\honeycomb\index.php (13)
2020/04/13 16:26:40 [warning] [application] Failed to set unsafe attribute "unit" of "SpecDoc".
in C:\xampp\htdocs\honeycomb\protected\controllers\SpecDocController.php (205)
in C:\xampp\htdocs\honeycomb\index.php (13)
2020/04/13 16:27:37 [warning] [application] Failed to set unsafe attribute "dimension" of "SpecDoc".
in C:\xampp\htdocs\honeycomb\protected\controllers\SpecDocController.php (205)
in C:\xampp\htdocs\honeycomb\index.php (13)
2020/04/13 16:27:37 [warning] [application] Failed to set unsafe attribute "unit" of "SpecDoc".
in C:\xampp\htdocs\honeycomb\protected\controllers\SpecDocController.php (205)
in C:\xampp\htdocs\honeycomb\index.php (13)
2020/04/13 16:28:46 [warning] [application] Failed to set unsafe attribute "dimension" of "SpecDoc".
in C:\xampp\htdocs\honeycomb\protected\controllers\SpecDocController.php (205)
in C:\xampp\htdocs\honeycomb\index.php (13)
2020/04/13 16:28:46 [warning] [application] Failed to set unsafe attribute "unit" of "SpecDoc".
in C:\xampp\htdocs\honeycomb\protected\controllers\SpecDocController.php (205)
in C:\xampp\htdocs\honeycomb\index.php (13)
2020/04/13 16:29:48 [warning] [application] Failed to set unsafe attribute "dimension" of "SpecDoc".
in C:\xampp\htdocs\honeycomb\protected\controllers\SpecDocController.php (205)
in C:\xampp\htdocs\honeycomb\index.php (13)
2020/04/13 16:29:48 [warning] [application] Failed to set unsafe attribute "unit" of "SpecDoc".
in C:\xampp\htdocs\honeycomb\protected\controllers\SpecDocController.php (205)
in C:\xampp\htdocs\honeycomb\index.php (13)
2020/04/13 16:31:01 [warning] [application] Failed to set unsafe attribute "dimension" of "SpecDoc".
in C:\xampp\htdocs\honeycomb\protected\controllers\SpecDocController.php (205)
in C:\xampp\htdocs\honeycomb\index.php (13)
2020/04/13 16:31:01 [warning] [application] Failed to set unsafe attribute "unit" of "SpecDoc".
in C:\xampp\htdocs\honeycomb\protected\controllers\SpecDocController.php (205)
in C:\xampp\htdocs\honeycomb\index.php (13)
2020/04/13 16:31:52 [warning] [application] Failed to set unsafe attribute "dimension" of "SpecDoc".
in C:\xampp\htdocs\honeycomb\protected\controllers\SpecDocController.php (205)
in C:\xampp\htdocs\honeycomb\index.php (13)
2020/04/13 16:31:52 [warning] [application] Failed to set unsafe attribute "unit" of "SpecDoc".
in C:\xampp\htdocs\honeycomb\protected\controllers\SpecDocController.php (205)
in C:\xampp\htdocs\honeycomb\index.php (13)
2020/04/13 16:32:55 [warning] [application] Failed to set unsafe attribute "dimension" of "SpecDoc".
in C:\xampp\htdocs\honeycomb\protected\controllers\SpecDocController.php (205)
in C:\xampp\htdocs\honeycomb\index.php (13)
2020/04/13 16:32:55 [warning] [application] Failed to set unsafe attribute "unit" of "SpecDoc".
in C:\xampp\htdocs\honeycomb\protected\controllers\SpecDocController.php (205)
in C:\xampp\htdocs\honeycomb\index.php (13)
2020/04/13 16:33:28 [warning] [application] Failed to set unsafe attribute "dimension" of "SpecDoc".
in C:\xampp\htdocs\honeycomb\protected\controllers\SpecDocController.php (205)
in C:\xampp\htdocs\honeycomb\index.php (13)
2020/04/13 16:33:28 [warning] [application] Failed to set unsafe attribute "unit" of "SpecDoc".
in C:\xampp\htdocs\honeycomb\protected\controllers\SpecDocController.php (205)
in C:\xampp\htdocs\honeycomb\index.php (13)
2020/04/13 16:33:44 [warning] [application] Failed to set unsafe attribute "dimension" of "SpecDoc".
in C:\xampp\htdocs\honeycomb\protected\controllers\SpecDocController.php (205)
in C:\xampp\htdocs\honeycomb\index.php (13)
2020/04/13 16:33:44 [warning] [application] Failed to set unsafe attribute "unit" of "SpecDoc".
in C:\xampp\htdocs\honeycomb\protected\controllers\SpecDocController.php (205)
in C:\xampp\htdocs\honeycomb\index.php (13)
2020/04/13 16:35:12 [warning] [application] Failed to set unsafe attribute "dimension" of "SpecDoc".
in C:\xampp\htdocs\honeycomb\protected\controllers\SpecDocController.php (205)
in C:\xampp\htdocs\honeycomb\index.php (13)
2020/04/13 16:35:12 [warning] [application] Failed to set unsafe attribute "unit" of "SpecDoc".
in C:\xampp\htdocs\honeycomb\protected\controllers\SpecDocController.php (205)
in C:\xampp\htdocs\honeycomb\index.php (13)
2020/04/13 16:37:33 [warning] [application] Failed to set unsafe attribute "dimension" of "SpecDoc".
in C:\xampp\htdocs\honeycomb\protected\controllers\SpecDocController.php (205)
in C:\xampp\htdocs\honeycomb\index.php (13)
2020/04/13 16:37:33 [warning] [application] Failed to set unsafe attribute "unit" of "SpecDoc".
in C:\xampp\htdocs\honeycomb\protected\controllers\SpecDocController.php (205)
in C:\xampp\htdocs\honeycomb\index.php (13)
2020/04/13 16:47:10 [warning] [application] Failed to set unsafe attribute "dimension" of "SpecDoc".
in C:\xampp\htdocs\honeycomb\protected\controllers\SpecDocController.php (205)
in C:\xampp\htdocs\honeycomb\index.php (13)
2020/04/13 16:47:10 [warning] [application] Failed to set unsafe attribute "unit" of "SpecDoc".
in C:\xampp\htdocs\honeycomb\protected\controllers\SpecDocController.php (205)
in C:\xampp\htdocs\honeycomb\index.php (13)
2020/04/13 16:54:30 [warning] [application] Failed to set unsafe attribute "dimension" of "SpecDoc".
in C:\xampp\htdocs\honeycomb\protected\controllers\SpecDocController.php (205)
in C:\xampp\htdocs\honeycomb\index.php (13)
2020/04/13 16:54:30 [warning] [application] Failed to set unsafe attribute "unit" of "SpecDoc".
in C:\xampp\htdocs\honeycomb\protected\controllers\SpecDocController.php (205)
in C:\xampp\htdocs\honeycomb\index.php (13)
2020/04/13 16:55:22 [warning] [application] Failed to set unsafe attribute "dimension" of "SpecDoc".
in C:\xampp\htdocs\honeycomb\protected\controllers\SpecDocController.php (205)
in C:\xampp\htdocs\honeycomb\index.php (13)
2020/04/13 16:55:22 [warning] [application] Failed to set unsafe attribute "unit" of "SpecDoc".
in C:\xampp\htdocs\honeycomb\protected\controllers\SpecDocController.php (205)
in C:\xampp\htdocs\honeycomb\index.php (13)
2020/04/13 17:05:25 [warning] [application] Failed to set unsafe attribute "dimension" of "SpecDoc".
in C:\xampp\htdocs\honeycomb\protected\controllers\SpecDocController.php (205)
in C:\xampp\htdocs\honeycomb\index.php (13)
2020/04/13 17:05:25 [warning] [application] Failed to set unsafe attribute "unit" of "SpecDoc".
in C:\xampp\htdocs\honeycomb\protected\controllers\SpecDocController.php (205)
in C:\xampp\htdocs\honeycomb\index.php (13)
2020/04/13 17:14:15 [warning] [application] Failed to set unsafe attribute "dimension" of "SpecDoc".
in C:\xampp\htdocs\honeycomb\protected\controllers\SpecDocController.php (205)
in C:\xampp\htdocs\honeycomb\index.php (13)
2020/04/13 17:14:15 [warning] [application] Failed to set unsafe attribute "unit" of "SpecDoc".
in C:\xampp\htdocs\honeycomb\protected\controllers\SpecDocController.php (205)
in C:\xampp\htdocs\honeycomb\index.php (13)
2020/04/13 17:47:44 [warning] [application] Failed to set unsafe attribute "dimension" of "SpecDoc".
in C:\xampp\htdocs\honeycomb\protected\controllers\SpecDocController.php (205)
in C:\xampp\htdocs\honeycomb\index.php (13)
2020/04/13 17:47:44 [warning] [application] Failed to set unsafe attribute "unit" of "SpecDoc".
in C:\xampp\htdocs\honeycomb\protected\controllers\SpecDocController.php (205)
in C:\xampp\htdocs\honeycomb\index.php (13)
2020/04/13 18:05:57 [warning] [application] Failed to set unsafe attribute "dimension" of "SpecDoc".
in C:\xampp\htdocs\honeycomb\protected\controllers\SpecDocController.php (205)
in C:\xampp\htdocs\honeycomb\index.php (13)
2020/04/13 18:05:57 [warning] [application] Failed to set unsafe attribute "unit" of "SpecDoc".
in C:\xampp\htdocs\honeycomb\protected\controllers\SpecDocController.php (205)
in C:\xampp\htdocs\honeycomb\index.php (13)
2020/04/13 18:06:08 [warning] [application] Failed to set unsafe attribute "dimension" of "SpecDoc".
in C:\xampp\htdocs\honeycomb\protected\controllers\SpecDocController.php (205)
in C:\xampp\htdocs\honeycomb\index.php (13)
2020/04/13 18:06:08 [warning] [application] Failed to set unsafe attribute "unit" of "SpecDoc".
in C:\xampp\htdocs\honeycomb\protected\controllers\SpecDocController.php (205)
in C:\xampp\htdocs\honeycomb\index.php (13)
2020/04/13 18:35:43 [warning] [application] Failed to set unsafe attribute "dimension" of "SpecDoc".
in C:\xampp\htdocs\honeycomb\protected\controllers\SpecDocController.php (205)
in C:\xampp\htdocs\honeycomb\index.php (13)
2020/04/13 18:35:43 [warning] [application] Failed to set unsafe attribute "unit" of "SpecDoc".
in C:\xampp\htdocs\honeycomb\protected\controllers\SpecDocController.php (205)
in C:\xampp\htdocs\honeycomb\index.php (13)
2020/04/13 18:35:43 [error] [php] Undefined variable: id (C:\xampp\htdocs\honeycomb\protected\controllers\SpecDocController.php:293)
Stack trace:
#0 C:\xampp\htdocs\honeycomb\framework\web\filters\CFilterChain.php(133): SpecDocController->runAction()
#1 C:\xampp\htdocs\honeycomb\framework\web\filters\CFilter.php(40): CFilterChain->run()
#2 C:\xampp\htdocs\honeycomb\framework\web\CController.php(1145): CAccessControlFilter->filter()
#3 C:\xampp\htdocs\honeycomb\framework\web\filters\CInlineFilter.php(58): SpecDocController->filterAccessControl()
#4 C:\xampp\htdocs\honeycomb\framework\web\filters\CFilterChain.php(130): CInlineFilter->filter()
#5 C:\xampp\htdocs\honeycomb\framework\web\CController.php(291): CFilterChain->run()
#6 C:\xampp\htdocs\honeycomb\framework\web\CController.php(265): SpecDocController->runActionWithFilters()
#7 C:\xampp\htdocs\honeycomb\framework\web\CWebApplication.php(282): SpecDocController->run()
#8 C:\xampp\htdocs\honeycomb\framework\web\CWebApplication.php(141): CWebApplication->runController()
#9 C:\xampp\htdocs\honeycomb\framework\base\CApplication.php(180): CWebApplication->processRequest()
#10 C:\xampp\htdocs\honeycomb\index.php(13): CWebApplication->run()
REQUEST_URI=/honeycomb/specDoc/compare
in C:\xampp\htdocs\honeycomb\protected\controllers\SpecDocController.php (293)
in C:\xampp\htdocs\honeycomb\index.php (13)
2020/04/13 18:39:23 [warning] [application] Failed to set unsafe attribute "dimension" of "SpecDoc".
in C:\xampp\htdocs\honeycomb\protected\controllers\SpecDocController.php (205)
in C:\xampp\htdocs\honeycomb\index.php (13)
2020/04/13 18:39:23 [warning] [application] Failed to set unsafe attribute "unit" of "SpecDoc".
in C:\xampp\htdocs\honeycomb\protected\controllers\SpecDocController.php (205)
in C:\xampp\htdocs\honeycomb\index.php (13)
2020/04/13 18:39:23 [error] [php] Creating default object from empty value (C:\xampp\htdocs\honeycomb\protected\controllers\SpecDocController.php:296)
Stack trace:
#0 C:\xampp\htdocs\honeycomb\framework\web\filters\CFilterChain.php(133): SpecDocController->runAction()
#1 C:\xampp\htdocs\honeycomb\framework\web\filters\CFilter.php(40): CFilterChain->run()
#2 C:\xampp\htdocs\honeycomb\framework\web\CController.php(1145): CAccessControlFilter->filter()
#3 C:\xampp\htdocs\honeycomb\framework\web\filters\CInlineFilter.php(58): SpecDocController->filterAccessControl()
#4 C:\xampp\htdocs\honeycomb\framework\web\filters\CFilterChain.php(130): CInlineFilter->filter()
#5 C:\xampp\htdocs\honeycomb\framework\web\CController.php(291): CFilterChain->run()
#6 C:\xampp\htdocs\honeycomb\framework\web\CController.php(265): SpecDocController->runActionWithFilters()
#7 C:\xampp\htdocs\honeycomb\framework\web\CWebApplication.php(282): SpecDocController->run()
#8 C:\xampp\htdocs\honeycomb\framework\web\CWebApplication.php(141): CWebApplication->runController()
#9 C:\xampp\htdocs\honeycomb\framework\base\CApplication.php(180): CWebApplication->processRequest()
#10 C:\xampp\htdocs\honeycomb\index.php(13): CWebApplication->run()
REQUEST_URI=/honeycomb/specDoc/compare
in C:\xampp\htdocs\honeycomb\protected\controllers\SpecDocController.php (296)
in C:\xampp\htdocs\honeycomb\index.php (13)
2020/04/13 18:40:00 [warning] [application] Failed to set unsafe attribute "dimension" of "SpecDoc".
in C:\xampp\htdocs\honeycomb\protected\controllers\SpecDocController.php (205)
in C:\xampp\htdocs\honeycomb\index.php (13)
2020/04/13 18:40:00 [warning] [application] Failed to set unsafe attribute "unit" of "SpecDoc".
in C:\xampp\htdocs\honeycomb\protected\controllers\SpecDocController.php (205)
in C:\xampp\htdocs\honeycomb\index.php (13)
2020/04/13 18:40:00 [error] [php] Creating default object from empty value (C:\xampp\htdocs\honeycomb\protected\controllers\SpecDocController.php:296)
Stack trace:
#0 C:\xampp\htdocs\honeycomb\framework\web\filters\CFilterChain.php(133): SpecDocController->runAction()
#1 C:\xampp\htdocs\honeycomb\framework\web\filters\CFilter.php(40): CFilterChain->run()
#2 C:\xampp\htdocs\honeycomb\framework\web\CController.php(1145): CAccessControlFilter->filter()
#3 C:\xampp\htdocs\honeycomb\framework\web\filters\CInlineFilter.php(58): SpecDocController->filterAccessControl()
#4 C:\xampp\htdocs\honeycomb\framework\web\filters\CFilterChain.php(130): CInlineFilter->filter()
#5 C:\xampp\htdocs\honeycomb\framework\web\CController.php(291): CFilterChain->run()
#6 C:\xampp\htdocs\honeycomb\framework\web\CController.php(265): SpecDocController->runActionWithFilters()
#7 C:\xampp\htdocs\honeycomb\framework\web\CWebApplication.php(282): SpecDocController->run()
#8 C:\xampp\htdocs\honeycomb\framework\web\CWebApplication.php(141): CWebApplication->runController()
#9 C:\xampp\htdocs\honeycomb\framework\base\CApplication.php(180): CWebApplication->processRequest()
#10 C:\xampp\htdocs\honeycomb\index.php(13): CWebApplication->run()
REQUEST_URI=/honeycomb/specDoc/compare
in C:\xampp\htdocs\honeycomb\protected\controllers\SpecDocController.php (296)
in C:\xampp\htdocs\honeycomb\index.php (13)
2020/04/13 18:40:01 [warning] [application] Failed to set unsafe attribute "dimension" of "SpecDoc".
in C:\xampp\htdocs\honeycomb\protected\controllers\SpecDocController.php (205)
in C:\xampp\htdocs\honeycomb\index.php (13)
2020/04/13 18:40:01 [warning] [application] Failed to set unsafe attribute "unit" of "SpecDoc".
in C:\xampp\htdocs\honeycomb\protected\controllers\SpecDocController.php (205)
in C:\xampp\htdocs\honeycomb\index.php (13)
2020/04/13 18:40:01 [error] [php] Creating default object from empty value (C:\xampp\htdocs\honeycomb\protected\controllers\SpecDocController.php:296)
Stack trace:
#0 C:\xampp\htdocs\honeycomb\framework\web\filters\CFilterChain.php(133): SpecDocController->runAction()
#1 C:\xampp\htdocs\honeycomb\framework\web\filters\CFilter.php(40): CFilterChain->run()
#2 C:\xampp\htdocs\honeycomb\framework\web\CController.php(1145): CAccessControlFilter->filter()
#3 C:\xampp\htdocs\honeycomb\framework\web\filters\CInlineFilter.php(58): SpecDocController->filterAccessControl()
#4 C:\xampp\htdocs\honeycomb\framework\web\filters\CFilterChain.php(130): CInlineFilter->filter()
#5 C:\xampp\htdocs\honeycomb\framework\web\CController.php(291): CFilterChain->run()
#6 C:\xampp\htdocs\honeycomb\framework\web\CController.php(265): SpecDocController->runActionWithFilters()
#7 C:\xampp\htdocs\honeycomb\framework\web\CWebApplication.php(282): SpecDocController->run()
#8 C:\xampp\htdocs\honeycomb\framework\web\CWebApplication.php(141): CWebApplication->runController()
#9 C:\xampp\htdocs\honeycomb\framework\base\CApplication.php(180): CWebApplication->processRequest()
#10 C:\xampp\htdocs\honeycomb\index.php(13): CWebApplication->run()
REQUEST_URI=/honeycomb/specDoc/compare
in C:\xampp\htdocs\honeycomb\protected\controllers\SpecDocController.php (296)
in C:\xampp\htdocs\honeycomb\index.php (13)
2020/04/13 18:40:02 [warning] [application] Failed to set unsafe attribute "dimension" of "SpecDoc".
in C:\xampp\htdocs\honeycomb\protected\controllers\SpecDocController.php (205)
in C:\xampp\htdocs\honeycomb\index.php (13)
2020/04/13 18:40:02 [warning] [application] Failed to set unsafe attribute "unit" of "SpecDoc".
in C:\xampp\htdocs\honeycomb\protected\controllers\SpecDocController.php (205)
in C:\xampp\htdocs\honeycomb\index.php (13)
2020/04/13 18:40:02 [error] [php] Creating default object from empty value (C:\xampp\htdocs\honeycomb\protected\controllers\SpecDocController.php:296)
Stack trace:
#0 C:\xampp\htdocs\honeycomb\framework\web\filters\CFilterChain.php(133): SpecDocController->runAction()
#1 C:\xampp\htdocs\honeycomb\framework\web\filters\CFilter.php(40): CFilterChain->run()
#2 C:\xampp\htdocs\honeycomb\framework\web\CController.php(1145): CAccessControlFilter->filter()
#3 C:\xampp\htdocs\honeycomb\framework\web\filters\CInlineFilter.php(58): SpecDocController->filterAccessControl()
#4 C:\xampp\htdocs\honeycomb\framework\web\filters\CFilterChain.php(130): CInlineFilter->filter()
#5 C:\xampp\htdocs\honeycomb\framework\web\CController.php(291): CFilterChain->run()
#6 C:\xampp\htdocs\honeycomb\framework\web\CController.php(265): SpecDocController->runActionWithFilters()
#7 C:\xampp\htdocs\honeycomb\framework\web\CWebApplication.php(282): SpecDocController->run()
#8 C:\xampp\htdocs\honeycomb\framework\web\CWebApplication.php(141): CWebApplication->runController()
#9 C:\xampp\htdocs\honeycomb\framework\base\CApplication.php(180): CWebApplication->processRequest()
#10 C:\xampp\htdocs\honeycomb\index.php(13): CWebApplication->run()
REQUEST_URI=/honeycomb/specDoc/compare
in C:\xampp\htdocs\honeycomb\protected\controllers\SpecDocController.php (296)
in C:\xampp\htdocs\honeycomb\index.php (13)
2020/04/13 18:45:32 [warning] [application] Failed to set unsafe attribute "dimension" of "SpecDoc".
in C:\xampp\htdocs\honeycomb\protected\controllers\SpecDocController.php (205)
in C:\xampp\htdocs\honeycomb\index.php (13)
2020/04/13 18:45:32 [warning] [application] Failed to set unsafe attribute "unit" of "SpecDoc".
in C:\xampp\htdocs\honeycomb\protected\controllers\SpecDocController.php (205)
in C:\xampp\htdocs\honeycomb\index.php (13)
2020/04/13 18:45:32 [error] [php] Creating default object from empty value (C:\xampp\htdocs\honeycomb\protected\controllers\SpecDocController.php:296)
Stack trace:
#0 C:\xampp\htdocs\honeycomb\framework\web\filters\CFilterChain.php(133): SpecDocController->runAction()
#1 C:\xampp\htdocs\honeycomb\framework\web\filters\CFilter.php(40): CFilterChain->run()
#2 C:\xampp\htdocs\honeycomb\framework\web\CController.php(1145): CAccessControlFilter->filter()
#3 C:\xampp\htdocs\honeycomb\framework\web\filters\CInlineFilter.php(58): SpecDocController->filterAccessControl()
#4 C:\xampp\htdocs\honeycomb\framework\web\filters\CFilterChain.php(130): CInlineFilter->filter()
#5 C:\xampp\htdocs\honeycomb\framework\web\CController.php(291): CFilterChain->run()
#6 C:\xampp\htdocs\honeycomb\framework\web\CController.php(265): SpecDocController->runActionWithFilters()
#7 C:\xampp\htdocs\honeycomb\framework\web\CWebApplication.php(282): SpecDocController->run()
#8 C:\xampp\htdocs\honeycomb\framework\web\CWebApplication.php(141): CWebApplication->runController()
#9 C:\xampp\htdocs\honeycomb\framework\base\CApplication.php(180): CWebApplication->processRequest()
#10 C:\xampp\htdocs\honeycomb\index.php(13): CWebApplication->run()
REQUEST_URI=/honeycomb/specDoc/compare
in C:\xampp\htdocs\honeycomb\protected\controllers\SpecDocController.php (296)
in C:\xampp\htdocs\honeycomb\index.php (13)
2020/04/13 18:47:00 [warning] [application] Failed to set unsafe attribute "dimension" of "SpecDoc".
in C:\xampp\htdocs\honeycomb\protected\controllers\SpecDocController.php (205)
in C:\xampp\htdocs\honeycomb\index.php (13)
2020/04/13 18:47:00 [warning] [application] Failed to set unsafe attribute "unit" of "SpecDoc".
in C:\xampp\htdocs\honeycomb\protected\controllers\SpecDocController.php (205)
in C:\xampp\htdocs\honeycomb\index.php (13)
2020/04/13 18:47:00 [error] [php] Undefined variable: id (C:\xampp\htdocs\honeycomb\protected\controllers\SpecDocController.php:352)
Stack trace:
#0 C:\xampp\htdocs\honeycomb\framework\web\filters\CFilterChain.php(133): SpecDocController->runAction()
#1 C:\xampp\htdocs\honeycomb\framework\web\filters\CFilter.php(40): CFilterChain->run()
#2 C:\xampp\htdocs\honeycomb\framework\web\CController.php(1145): CAccessControlFilter->filter()
#3 C:\xampp\htdocs\honeycomb\framework\web\filters\CInlineFilter.php(58): SpecDocController->filterAccessControl()
#4 C:\xampp\htdocs\honeycomb\framework\web\filters\CFilterChain.php(130): CInlineFilter->filter()
#5 C:\xampp\htdocs\honeycomb\framework\web\CController.php(291): CFilterChain->run()
#6 C:\xampp\htdocs\honeycomb\framework\web\CController.php(265): SpecDocController->runActionWithFilters()
#7 C:\xampp\htdocs\honeycomb\framework\web\CWebApplication.php(282): SpecDocController->run()
#8 C:\xampp\htdocs\honeycomb\framework\web\CWebApplication.php(141): CWebApplication->runController()
#9 C:\xampp\htdocs\honeycomb\framework\base\CApplication.php(180): CWebApplication->processRequest()
#10 C:\xampp\htdocs\honeycomb\index.php(13): CWebApplication->run()
REQUEST_URI=/honeycomb/specDoc/compare
in C:\xampp\htdocs\honeycomb\protected\controllers\SpecDocController.php (352)
in C:\xampp\htdocs\honeycomb\index.php (13)
2020/04/13 18:47:27 [warning] [application] Failed to set unsafe attribute "dimension" of "SpecDoc".
in C:\xampp\htdocs\honeycomb\protected\controllers\SpecDocController.php (205)
in C:\xampp\htdocs\honeycomb\index.php (13)
2020/04/13 18:47:27 [warning] [application] Failed to set unsafe attribute "unit" of "SpecDoc".
in C:\xampp\htdocs\honeycomb\protected\controllers\SpecDocController.php (205)
in C:\xampp\htdocs\honeycomb\index.php (13)
2020/04/13 18:50:34 [warning] [application] Failed to set unsafe attribute "dimension" of "SpecDoc".
in C:\xampp\htdocs\honeycomb\protected\controllers\SpecDocController.php (205)
in C:\xampp\htdocs\honeycomb\index.php (13)
2020/04/13 18:50:34 [warning] [application] Failed to set unsafe attribute "unit" of "SpecDoc".
in C:\xampp\htdocs\honeycomb\protected\controllers\SpecDocController.php (205)
in C:\xampp\htdocs\honeycomb\index.php (13)
2020/04/13 23:29:13 [warning] [application] Failed to set unsafe attribute "dimension" of "SpecDoc".
in C:\xampp\htdocs\honeycomb\protected\controllers\SpecDocController.php (437)
in C:\xampp\htdocs\honeycomb\index.php (13)
2020/04/13 23:29:13 [warning] [application] Failed to set unsafe attribute "unit" of "SpecDoc".
in C:\xampp\htdocs\honeycomb\protected\controllers\SpecDocController.php (437)
in C:\xampp\htdocs\honeycomb\index.php (13)
2020/04/15 14:38:27 [error] [exception.CHttpException.404] exception 'CHttpException' with message 'ระบบไม่สามารถดำเนินการ "sendCompare" ตามคำสั่งได้' in C:\xampp\htdocs\honeycomb\framework\web\CController.php:483
Stack trace:
#0 C:\xampp\htdocs\honeycomb\framework\web\CController.php(270): CController->missingAction('sendCompare')
#1 C:\xampp\htdocs\honeycomb\framework\web\CWebApplication.php(282): CController->run('sendCompare')
#2 C:\xampp\htdocs\honeycomb\framework\web\CWebApplication.php(141): CWebApplication->runController('SpecDoc/sendCom...')
#3 C:\xampp\htdocs\honeycomb\framework\base\CApplication.php(180): CWebApplication->processRequest()
#4 C:\xampp\htdocs\honeycomb\index.php(13): CApplication->run()
#5 {main}
REQUEST_URI=/honeycomb/SpecDoc/sendCompare
HTTP_REFERER=http://localhost/honeycomb/SpecDoc/write
---
